app/build/intermediates/manifest_merge_blame_file/debug/manifest-merger-blame-debug-report.txt
1<?xml version="1.0" encoding="utf-8"?>
2<manifest xmlns:android="http://schemas.android.com/apk/res/android"
3    package="com.example.devonte_haye_lance_nelson_comp304_lab4"
4    android:versionCode="1"
5    android:versionName="1.0" >
6
7    <uses-sdk
8        android:minSdkVersion="21"
8-->src\main\AndroidManifest.xml
9        android:targetSdkVersion="33" />
9-->src\main\AndroidManifest.xml
10
11    <application
11-->src\main\AndroidManifest.xml:5:5-30:19
12        android:allowBackup="true"
12-->src\main\AndroidManifest.xml:6:9-35
13        android:appComponentFactory="androidx.core.app.CoreComponentFactory"
13-->[androidx.core:core:1.8.0] AndroidManifest.xml:24:18-86
14        android:debuggable="true"
15        android:icon="@mipmap/ic_launcher"
15-->src\main\AndroidManifest.xml:7:9-43
16        android:label="@string/app_name"
16-->src\main\AndroidManifest.xml:8:9-41
17        android:roundIcon="@mipmap/ic_launcher_round"
17-->src\main\AndroidManifest.xml:9:9-54
18        android:supportsRtl="true"
18-->src\main\AndroidManifest.xml:10:9-35
19        android:theme="@style/Theme.Devonte_Haye_Lance_Nelson_COMP304_lab4" >
19-->src\main\AndroidManifest.xml:11:9-76
20        <activity
20-->src\main\AndroidManifest.xml:12:9-14:40
21            android:name="com.example.devonte_haye_lance_nelson_comp304_lab4.TestActivity"
21-->src\main\AndroidManifest.xml:13:13-41
22            android:exported="false" />
22-->src\main\AndroidManifest.xml:14:13-37
23        <activity
23-->src\main\AndroidManifest.xml:15:9-17:40
24            android:name="com.example.devonte_haye_lance_nelson_comp304_lab4.applicant"
24-->src\main\AndroidManifest.xml:16:13-38
25            android:exported="false" />
25-->src\main\AndroidManifest.xml:17:13-37
26        <activity
26-->src\main\AndroidManifest.xml:18:9-20:40
27            android:name="com.example.devonte_haye_lance_nelson_comp304_lab4.loginActivity"
27-->src\main\AndroidManifest.xml:19:13-42
28            android:exported="false" />
28-->src\main\AndroidManifest.xml:20:13-37
29        <activity
29-->src\main\AndroidManifest.xml:21:9-29:20
30            android:name="com.example.devonte_haye_lance_nelson_comp304_lab4.MainActivity"
30-->src\main\AndroidManifest.xml:22:13-41
31            android:exported="true" >
31-->src\main\AndroidManifest.xml:23:13-36
32            <intent-filter>
32-->src\main\AndroidManifest.xml:24:13-28:29
33                <action android:name="android.intent.action.MAIN" />
33-->src\main\AndroidManifest.xml:25:17-69
33-->src\main\AndroidManifest.xml:25:25-66
34
35                <category android:name="android.intent.category.LAUNCHER" />
35-->src\main\AndroidManifest.xml:27:17-77
35-->src\main\AndroidManifest.xml:27:27-74
36            </intent-filter>
37        </activity>
38
39        <service
39-->[androidx.room:room-runtime:2.4.3] AndroidManifest.xml:25:9-28:40
40            android:name="androidx.room.MultiInstanceInvalidationService"
40-->[androidx.room:room-runtime:2.4.3] AndroidManifest.xml:26:13-74
41            android:directBootAware="true"
41-->[androidx.room:room-runtime:2.4.3] AndroidManifest.xml:27:13-43
42            android:exported="false" />
42-->[androidx.room:room-runtime:2.4.3] AndroidManifest.xml:28:13-37
43
44        <provider
44-->[androidx.emoji2:emoji2:1.2.0] AndroidManifest.xml:24:9-32:20
45            android:name="androidx.startup.InitializationProvider"
45-->[androidx.emoji2:emoji2:1.2.0] AndroidManifest.xml:25:13-67
46            android:authorities="com.example.devonte_haye_lance_nelson_comp304_lab4.androidx-startup"
46-->[androidx.emoji2:emoji2:1.2.0] AndroidManifest.xml:26:13-68
47            android:exported="false" >
47-->[androidx.emoji2:emoji2:1.2.0] AndroidManifest.xml:27:13-37
48            <meta-data
48-->[androidx.emoji2:emoji2:1.2.0] AndroidManifest.xml:29:13-31:52
49                android:name="androidx.emoji2.text.EmojiCompatInitializer"
49-->[androidx.emoji2:emoji2:1.2.0] AndroidManifest.xml:30:17-75
50                android:value="androidx.startup" />
50-->[androidx.emoji2:emoji2:1.2.0] AndroidManifest.xml:31:17-49
51            <meta-data
51-->[androidx.lifecycle:lifecycle-process:2.4.1] AndroidManifest.xml:31:13-33:52
52                android:name="androidx.lifecycle.ProcessLifecycleInitializer"
52-->[androidx.lifecycle:lifecycle-process:2.4.1] AndroidManifest.xml:32:17-78
53                android:value="androidx.startup" />
53-->[androidx.lifecycle:lifecycle-process:2.4.1] AndroidManifest.xml:33:17-49
54        </provider>
55    </application>
56
57</manifest>